<?xml version="1.0" encoding="UTF-8"?>
<testng-results skipped="0" failed="1" ignored="0" total="1" passed="0">
  <reporter-output>
  </reporter-output>
  <suite name="Suite" duration-ms="42544" started-at="2021-01-27T01:36:57 IST" finished-at="2021-01-27T01:37:39 IST">
    <groups>
    </groups>
    <test name="Test" duration-ms="42544" started-at="2021-01-27T01:36:57 IST" finished-at="2021-01-27T01:37:39 IST">
      <class name="com.learning.testcases.API_Demos.TC_Preference">
        <test-method status="PASS" signature="killAllNodes()[pri:0, instance:com.learning.testcases.API_Demos.TC_Preference@34cd072c]" name="killAllNodes" is-config="true" duration-ms="3035" started-at="2021-01-27T01:36:57 IST" finished-at="2021-01-27T01:37:00 IST">
          <reporter-output>
          </reporter-output>
        </test-method> <!-- killAllNodes -->
        <test-method status="PASS" signature="startAppiumServer()[pri:0, instance:com.learning.testcases.API_Demos.TC_Preference@34cd072c]" name="startAppiumServer" is-config="true" duration-ms="5087" started-at="2021-01-27T01:37:00 IST" finished-at="2021-01-27T01:37:05 IST">
          <reporter-output>
          </reporter-output>
        </test-method> <!-- startAppiumServer -->
        <test-method status="FAIL" signature="Sprint_ApiDemos_PreferenceValidation()[pri:0, instance:com.learning.testcases.API_Demos.TC_Preference@34cd072c]" name="Sprint_ApiDemos_PreferenceValidation" duration-ms="32714" started-at="2021-01-27T01:37:05 IST" finished-at="2021-01-27T01:37:38 IST">
          <exception class="java.lang.AssertionError">
            <message>
              <![CDATA[null]]>
            </message>
            <full-stacktrace>
              <![CDATA[java.lang.AssertionError: null
at org.testng.Assert.fail(Assert.java:99)
at org.testng.Assert.fail(Assert.java:106)
at com.learning.testcases.API_Demos.TC_Preference.Sprint_ApiDemos_PreferenceValidation(TC_Preference.java:53)
at sun.reflect.NativeMethodAccessorImpl.invoke0(Native Method)
at sun.reflect.NativeMethodAccessorImpl.invoke(NativeMethodAccessorImpl.java:62)
at sun.reflect.DelegatingMethodAccessorImpl.invoke(DelegatingMethodAccessorImpl.java:43)
at java.lang.reflect.Method.invoke(Method.java:498)
at org.testng.internal.MethodInvocationHelper.invokeMethod(MethodInvocationHelper.java:132)
at org.testng.internal.TestInvoker.invokeMethod(TestInvoker.java:599)
at org.testng.internal.TestInvoker.invokeTestMethod(TestInvoker.java:174)
at org.testng.internal.MethodRunner.runInSequence(MethodRunner.java:46)
at org.testng.internal.TestInvoker$MethodInvocationAgent.invoke(TestInvoker.java:822)
at org.testng.internal.TestInvoker.invokeTestMethods(TestInvoker.java:147)
at org.testng.internal.TestMethodWorker.invokeTestMethods(TestMethodWorker.java:146)
at org.testng.internal.TestMethodWorker.run(TestMethodWorker.java:128)
at java.util.ArrayList.forEach(ArrayList.java:1259)
at org.testng.TestRunner.privateRun(TestRunner.java:764)
at org.testng.TestRunner.run(TestRunner.java:585)
at org.testng.SuiteRunner.runTest(SuiteRunner.java:384)
at org.testng.SuiteRunner.runSequentially(SuiteRunner.java:378)
at org.testng.SuiteRunner.privateRun(SuiteRunner.java:337)
at org.testng.SuiteRunner.run(SuiteRunner.java:286)
at org.testng.SuiteRunnerWorker.runSuite(SuiteRunnerWorker.java:53)
at org.testng.SuiteRunnerWorker.run(SuiteRunnerWorker.java:96)
at org.testng.TestNG.runSuitesSequentially(TestNG.java:1218)
at org.testng.TestNG.runSuitesLocally(TestNG.java:1140)
at org.testng.TestNG.runSuites(TestNG.java:1069)
at org.testng.TestNG.run(TestNG.java:1037)
at org.apache.maven.surefire.testng.TestNGExecutor.run(TestNGExecutor.java:284)
at org.apache.maven.surefire.testng.TestNGXmlTestSuite.execute(TestNGXmlTestSuite.java:75)
at org.apache.maven.surefire.testng.TestNGProvider.invoke(TestNGProvider.java:119)
at org.apache.maven.surefire.booter.ForkedBooter.runSuitesInProcess(ForkedBooter.java:428)
at org.apache.maven.surefire.booter.ForkedBooter.execute(ForkedBooter.java:162)
at org.apache.maven.surefire.booter.ForkedBooter.run(ForkedBooter.java:562)
at org.apache.maven.surefire.booter.ForkedBooter.main(ForkedBooter.java:548)
]]>
            </full-stacktrace>
          </exception> <!-- java.lang.AssertionError -->
          <reporter-output>
          </reporter-output>
        </test-method> <!-- Sprint_ApiDemos_PreferenceValidation -->
        <test-method status="PASS" signature="stopServer()[pri:0, instance:com.learning.testcases.API_Demos.TC_Preference@34cd072c]" name="stopServer" is-config="true" duration-ms="66" started-at="2021-01-27T01:37:39 IST" finished-at="2021-01-27T01:37:39 IST">
          <reporter-output>
          </reporter-output>
        </test-method> <!-- stopServer -->
      </class> <!-- com.learning.testcases.API_Demos.TC_Preference -->
    </test> <!-- Test -->
  </suite> <!-- Suite -->
</testng-results>
